2021-04-14 22:41:19.826 [main] INFO  Calculator - Calculating square root  of given number:64.0
2021-04-14 22:41:19.827 [main] INFO  Calculator - Resultant answer of power operations is : 8.0
2021-04-14 22:41:19.827 [main] INFO  Calculator - Calculating square root  of given number:121.0
2021-04-14 22:41:19.827 [main] INFO  Calculator - Resultant answer of power operations is : 11.0
2021-04-14 22:41:19.828 [main] INFO  Calculator - Calculating natural log  of given number:10.0
2021-04-14 22:41:19.828 [main] INFO  Calculator - Resultant answer of natural log operation is : 2.302585092994046
2021-04-14 22:41:19.828 [main] INFO  Calculator - Calculating natural log  of given number:8.2
2021-04-14 22:41:19.829 [main] INFO  Calculator - Resultant answer of natural log operation is : 2.1041341542702074
2021-04-14 22:41:19.829 [main] INFO  Calculator - Calculating natural log  of given number:8.0
2021-04-14 22:41:19.830 [main] INFO  Calculator - Resultant answer of natural log operation is : 2.0794415416798357
2021-04-14 22:41:19.830 [main] INFO  Calculator - Calculating natural log  of given number:46.4
2021-04-14 22:41:19.830 [main] INFO  Calculator - Resultant answer of natural log operation is : 3.8372994592322094
2021-04-14 22:41:19.832 [main] INFO  Calculator - Calculating power function of given numbers:2.0,3.0
2021-04-14 22:41:19.832 [main] INFO  Calculator - Resultant answer of power operation is : 8.0
2021-04-14 22:41:19.832 [main] INFO  Calculator - Calculating power function of given numbers:2.1,1.2
2021-04-14 22:41:19.832 [main] INFO  Calculator - Resultant answer of power operation is : 2.4359207431734027
2021-04-14 22:41:19.833 [main] INFO  Calculator - Calculating factorial  of given number:2.0
2021-04-14 22:41:19.834 [main] INFO  Calculator - Resultant answer of power operations is : 2.0
2021-04-14 22:41:19.834 [main] INFO  Calculator - Calculating factorial  of given number:8.0
2021-04-14 22:41:19.834 [main] INFO  Calculator - Resultant answer of power operations is : 40320.0
\2021-04-14 22:41:19.835 [main] INFO  Calculator - Calculating power function of given numbers:3.0,3.0
2021-04-14 22:41:19.836 [main] INFO  Calculator - Resultant answer of power operation is : 27.0
2021-04-14 22:41:19.836 [main] INFO  Calculator - Calculating power function of given numbers:0.0,0.0
2021-04-14 22:41:19.836 [main] INFO  Calculator - Resultant answer of power operation is : 1.0
2021-04-14 22:41:19.836 [main] INFO  Calculator - Calculating power function of given numbers:2.1,1.2
2021-04-14 22:41:19.836 [main] INFO  Calculator - Resultant answer of power operation is : 2.4359207431734027
2021-04-14 22:41:19.838 [main] INFO  Calculator - Calculating square root  of given number:9.0
2021-04-14 22:41:19.838 [main] INFO  Calculator - Resultant answer of power operations is : 3.0
2021-04-14 22:41:19.838 [main] INFO  Calculator - Calculating square root  of given number:16.7
2021-04-14 22:41:19.839 [main] INFO  Calculator - Resultant answer of power operations is : 4.08656334834051
2021-04-14 22:41:19.839 [main] INFO  Calculator - Calculating factorial  of given number:4.0
2021-04-14 22:41:19.840 [main] INFO  Calculator - Resultant answer of power operations is : 24.0
2021-04-14 22:41:19.840 [main] INFO  Calculator - Calculating factorial  of given number:8.0
2021-04-14 22:41:19.840 [main] INFO  Calculator - Resultant answer of power operations is : 40320.0
2021-04-14 22:43:25.176 [main] INFO  Calculator - Calculating factorial  of given number:5.0
2021-04-14 22:43:25.181 [main] INFO  Calculator - Resultant answer of power operations is : 120.0
